GROUP,PACKAGE,CLASS,INSTRUCTION_MISSED,INSTRUCTION_COVERED,BRANCH_MISSED,BRANCH_COVERED,LINE_MISSED,LINE_COVERED,COMPLEXITY_MISSED,COMPLEXITY_COVERED,METHOD_MISSED,METHOD_COVERED
everge,bjc.everge,StringUtils,114,253,13,35,16,56,13,16,1,4
everge,bjc.everge,ReplOpts,147,30,30,0,22,10,17,1,2,1
everge,bjc.everge,ReplPair,987,863,100,111,169,202,84,53,2,16
everge,bjc.everge,ReplError,72,60,7,1,7,11,6,3,2,3
everge,bjc.everge,ControlledString.ParseStrings,8,15,0,0,1,6,1,1,1,1
everge,bjc.everge,Everge,538,319,54,29,124,75,41,14,2,6
everge,bjc.everge,IntHolder,10,22,0,0,5,7,2,4,2,4
everge,bjc.everge,ControlledString.Control,132,101,22,22,21,25,20,11,3,6
everge,bjc.everge,Everge.InputStatus,0,34,0,0,0,4,0,1,0,1
everge,bjc.everge,StageStatus,0,34,0,0,0,4,0,1,0,1
everge,bjc.everge,ControlledString,74,144,3,15,17,26,5,11,3,4
everge,bjc.everge,ReplSet,105,0,6,0,24,0,9,0,6,0
everge,bjc.everge,BadReplParse,59,69,6,6,11,16,7,3,2,2
